{"C:\\Users\\HP\\Desktop\\BLOC3-ZAKARIA-LAHOUALI\\BC3SJ1-JAVASCRIPT\\router\\books.js": {"path":"C:\\Users\\HP\\Desktop\\BLOC3-ZAKARIA-LAHOUALI\\BC3SJ1-JAVASCRIPT\\router\\books.js","statementMap":{"0":{"start":{"line":1,"column":16},"end":{"line":1,"column":34}},"1":{"start":{"line":2,"column":15},"end":{"line":2,"column":31}},"2":{"start":{"line":3,"column":11},"end":{"line":3,"column":44}},"3":{"start":{"line":5,"column":0},"end":{"line":47,"column":2}},"4":{"start":{"line":8,"column":16},"end":{"line":8,"column":38}},"5":{"start":{"line":9,"column":4},"end":{"line":12,"column":6}},"6":{"start":{"line":10,"column":8},"end":{"line":10,"column":26}},"7":{"start":{"line":10,"column":17},"end":{"line":10,"column":26}},"8":{"start":{"line":11,"column":8},"end":{"line":11,"column":25}},"9":{"start":{"line":16,"column":82},"end":{"line":16,"column":90}},"10":{"start":{"line":17,"column":16},"end":{"line":17,"column":137}},"11":{"start":{"line":18,"column":4},"end":{"line":21,"column":6}},"12":{"start":{"line":19,"column":8},"end":{"line":19,"column":54}},"13":{"start":{"line":19,"column":17},"end":{"line":19,"column":54}},"14":{"start":{"line":20,"column":8},"end":{"line":20,"column":32}},"15":{"start":{"line":25,"column":16},"end":{"line":25,"column":51}},"16":{"start":{"line":26,"column":4},"end":{"line":29,"column":6}},"17":{"start":{"line":27,"column":8},"end":{"line":27,"column":26}},"18":{"start":{"line":27,"column":17},"end":{"line":27,"column":26}},"19":{"start":{"line":28,"column":8},"end":{"line":28,"column":24}},"20":{"start":{"line":33,"column":84},"end":{"line":33,"column":92}},"21":{"start":{"line":34,"column":16},"end":{"line":34,"column":146}},"22":{"start":{"line":35,"column":4},"end":{"line":38,"column":6}},"23":{"start":{"line":36,"column":8},"end":{"line":36,"column":26}},"24":{"start":{"line":36,"column":17},"end":{"line":36,"column":26}},"25":{"start":{"line":37,"column":8},"end":{"line":37,"column":36}},"26":{"start":{"line":42,"column":16},"end":{"line":42,"column":49}},"27":{"start":{"line":43,"column":4},"end":{"line":46,"column":6}},"28":{"start":{"line":44,"column":8},"end":{"line":44,"column":26}},"29":{"start":{"line":44,"column":17},"end":{"line":44,"column":26}},"30":{"start":{"line":45,"column":8},"end":{"line":45,"column":34}},"31":{"start":{"line":49,"column":0},"end":{"line":49,"column":23}}},"fnMap":{"0":{"name":"(anonymous_0)","decl":{"start":{"line":7,"column":10},"end":{"line":7,"column":11}},"loc":{"start":{"line":7,"column":22},"end":{"line":13,"column":1}},"line":7},"1":{"name":"(anonymous_1)","decl":{"start":{"line":9,"column":18},"end":{"line":9,"column":19}},"loc":{"start":{"line":9,"column":36},"end":{"line":12,"column":5}},"line":9},"2":{"name":"(anonymous_2)","decl":{"start":{"line":15,"column":11},"end":{"line":15,"column":12}},"loc":{"start":{"line":15,"column":25},"end":{"line":22,"column":1}},"line":15},"3":{"name":"(anonymous_3)","decl":{"start":{"line":18,"column":103},"end":{"line":18,"column":104}},"loc":{"start":{"line":18,"column":112},"end":{"line":21,"column":5}},"line":18},"4":{"name":"(anonymous_4)","decl":{"start":{"line":24,"column":13},"end":{"line":24,"column":14}},"loc":{"start":{"line":24,"column":27},"end":{"line":30,"column":1}},"line":24},"5":{"name":"(anonymous_5)","decl":{"start":{"line":26,"column":35},"end":{"line":26,"column":36}},"loc":{"start":{"line":26,"column":52},"end":{"line":29,"column":5}},"line":26},"6":{"name":"(anonymous_6)","decl":{"start":{"line":32,"column":13},"end":{"line":32,"column":14}},"loc":{"start":{"line":32,"column":27},"end":{"line":39,"column":1}},"line":32},"7":{"name":"(anonymous_7)","decl":{"start":{"line":35,"column":104},"end":{"line":35,"column":105}},"loc":{"start":{"line":35,"column":121},"end":{"line":38,"column":5}},"line":35},"8":{"name":"(anonymous_8)","decl":{"start":{"line":41,"column":16},"end":{"line":41,"column":17}},"loc":{"start":{"line":41,"column":30},"end":{"line":47,"column":1}},"line":41},"9":{"name":"(anonymous_9)","decl":{"start":{"line":43,"column":35},"end":{"line":43,"column":36}},"loc":{"start":{"line":43,"column":44},"end":{"line":46,"column":5}},"line":43}},"branchMap":{"0":{"loc":{"start":{"line":10,"column":8},"end":{"line":10,"column":26}},"type":"if","locations":[{"start":{"line":10,"column":8},"end":{"line":10,"column":26}},{"start":{},"end":{}}],"line":10},"1":{"loc":{"start":{"line":18,"column":71},"end":{"line":18,"column":93}},"type":"binary-expr","locations":[{"start":{"line":18,"column":71},"end":{"line":18,"column":77}},{"start":{"line":18,"column":81},"end":{"line":18,"column":93}}],"line":18},"2":{"loc":{"start":{"line":19,"column":8},"end":{"line":19,"column":54}},"type":"if","locations":[{"start":{"line":19,"column":8},"end":{"line":19,"column":54}},{"start":{},"end":{}}],"line":19},"3":{"loc":{"start":{"line":27,"column":8},"end":{"line":27,"column":26}},"type":"if","locations":[{"start":{"line":27,"column":8},"end":{"line":27,"column":26}},{"start":{},"end":{}}],"line":27},"4":{"loc":{"start":{"line":36,"column":8},"end":{"line":36,"column":26}},"type":"if","locations":[{"start":{"line":36,"column":8},"end":{"line":36,"column":26}},{"start":{},"end":{}}],"line":36},"5":{"loc":{"start":{"line":44,"column":8},"end":{"line":44,"column":26}},"type":"if","locations":[{"start":{"line":44,"column":8},"end":{"line":44,"column":26}},{"start":{},"end":{}}],"line":44}},"s":{"0":0,"1":0,"2":0,"3":0,"4":0,"5":0,"6":0,"7":0,"8":0,"9":0,"10":0,"11":0,"12":0,"13":0,"14":0,"15":0,"16":0,"17":0,"18":0,"19":0,"20":0,"21":0,"22":0,"23":0,"24":0,"25":0,"26":0,"27":0,"28":0,"29":0,"30":0,"31":0},"f":{"0":0,"1":0,"2":0,"3":0,"4":0,"5":0,"6":0,"7":0,"8":0,"9":0},"b":{"0":[0,0],"1":[0,0],"2":[0,0],"3":[0,0],"4":[0,0],"5":[0,0]}}
,"C:\\Users\\HP\\Desktop\\BLOC3-ZAKARIA-LAHOUALI\\BC3SJ1-JAVASCRIPT\\router\\emprunts.js": {"path":"C:\\Users\\HP\\Desktop\\BLOC3-ZAKARIA-LAHOUALI\\BC3SJ1-JAVASCRIPT\\router\\emprunts.js","statementMap":{"0":{"start":{"line":1,"column":16},"end":{"line":1,"column":34}},"1":{"start":{"line":2,"column":15},"end":{"line":2,"column":31}},"2":{"start":{"line":3,"column":11},"end":{"line":3,"column":44}},"3":{"start":{"line":4,"column":12},"end":{"line":4,"column":35}},"4":{"start":{"line":6,"column":19},"end":{"line":6,"column":39}},"5":{"start":{"line":10,"column":18},"end":{"line":10,"column":35}},"6":{"start":{"line":11,"column":4},"end":{"line":11,"column":75}},"7":{"start":{"line":11,"column":16},"end":{"line":11,"column":75}},"8":{"start":{"line":13,"column":4},"end":{"line":17,"column":6}},"9":{"start":{"line":14,"column":8},"end":{"line":14,"column":75}},"10":{"start":{"line":14,"column":17},"end":{"line":14,"column":75}},"11":{"start":{"line":15,"column":8},"end":{"line":15,"column":23}},"12":{"start":{"line":16,"column":8},"end":{"line":16,"column":14}},"13":{"start":{"line":22,"column":4},"end":{"line":24,"column":5}},"14":{"start":{"line":23,"column":8},"end":{"line":23,"column":83}},"15":{"start":{"line":25,"column":4},"end":{"line":25,"column":10}},"16":{"start":{"line":31,"column":0},"end":{"line":105,"column":2}},"17":{"start":{"line":32,"column":20},"end":{"line":32,"column":38}},"18":{"start":{"line":33,"column":26},"end":{"line":33,"column":37}},"19":{"start":{"line":36,"column":28},"end":{"line":36,"column":89}},"20":{"start":{"line":38,"column":4},"end":{"line":104,"column":6}},"21":{"start":{"line":39,"column":8},"end":{"line":42,"column":9}},"22":{"start":{"line":40,"column":12},"end":{"line":40,"column":30}},"23":{"start":{"line":41,"column":12},"end":{"line":41,"column":70}},"24":{"start":{"line":44,"column":8},"end":{"line":46,"column":9}},"25":{"start":{"line":45,"column":12},"end":{"line":45,"column":102}},"26":{"start":{"line":49,"column":34},"end":{"line":52,"column":9}},"27":{"start":{"line":54,"column":8},"end":{"line":103,"column":10}},"28":{"start":{"line":55,"column":12},"end":{"line":58,"column":13}},"29":{"start":{"line":56,"column":16},"end":{"line":56,"column":34}},"30":{"start":{"line":57,"column":16},"end":{"line":57,"column":74}},"31":{"start":{"line":60,"column":12},"end":{"line":62,"column":13}},"32":{"start":{"line":61,"column":16},"end":{"line":61,"column":92}},"33":{"start":{"line":65,"column":32},"end":{"line":65,"column":42}},"34":{"start":{"line":66,"column":37},"end":{"line":66,"column":47}},"35":{"start":{"line":67,"column":12},"end":{"line":67,"column":69}},"36":{"start":{"line":70,"column":39},"end":{"line":74,"column":13}},"37":{"start":{"line":76,"column":12},"end":{"line":102,"column":13}},"38":{"start":{"line":80,"column":20},"end":{"line":83,"column":21}},"39":{"start":{"line":81,"column":24},"end":{"line":81,"column":42}},"40":{"start":{"line":82,"column":24},"end":{"line":82,"column":93}},"41":{"start":{"line":86,"column":45},"end":{"line":86,"column":97}},"42":{"start":{"line":88,"column":20},"end":{"line":100,"column":22}},"43":{"start":{"line":89,"column":24},"end":{"line":92,"column":25}},"44":{"start":{"line":90,"column":28},"end":{"line":90,"column":46}},"45":{"start":{"line":91,"column":28},"end":{"line":91,"column":110}},"46":{"start":{"line":94,"column":24},"end":{"line":99,"column":26}},"47":{"start":{"line":110,"column":0},"end":{"line":164,"column":2}},"48":{"start":{"line":111,"column":22},"end":{"line":111,"column":42}},"49":{"start":{"line":112,"column":26},"end":{"line":112,"column":37}},"50":{"start":{"line":115,"column":30},"end":{"line":120,"column":5}},"51":{"start":{"line":122,"column":4},"end":{"line":163,"column":6}},"52":{"start":{"line":123,"column":8},"end":{"line":126,"column":9}},"53":{"start":{"line":124,"column":12},"end":{"line":124,"column":30}},"54":{"start":{"line":125,"column":12},"end":{"line":125,"column":70}},"55":{"start":{"line":128,"column":8},"end":{"line":130,"column":9}},"56":{"start":{"line":129,"column":12},"end":{"line":129,"column":91}},"57":{"start":{"line":132,"column":24},"end":{"line":132,"column":35}},"58":{"start":{"line":133,"column":36},"end":{"line":133,"column":46}},"59":{"start":{"line":136,"column":35},"end":{"line":140,"column":9}},"60":{"start":{"line":142,"column":8},"end":{"line":162,"column":10}},"61":{"start":{"line":143,"column":12},"end":{"line":146,"column":13}},"62":{"start":{"line":144,"column":16},"end":{"line":144,"column":34}},"63":{"start":{"line":145,"column":16},"end":{"line":145,"column":81}},"64":{"start":{"line":149,"column":37},"end":{"line":149,"column":91}},"65":{"start":{"line":151,"column":12},"end":{"line":161,"column":14}},"66":{"start":{"line":152,"column":16},"end":{"line":155,"column":17}},"67":{"start":{"line":153,"column":20},"end":{"line":153,"column":38}},"68":{"start":{"line":154,"column":20},"end":{"line":154,"column":102}},"69":{"start":{"line":157,"column":16},"end":{"line":160,"column":18}},"70":{"start":{"line":169,"column":0},"end":{"line":221,"column":2}},"71":{"start":{"line":170,"column":26},"end":{"line":170,"column":37}},"72":{"start":{"line":172,"column":18},"end":{"line":200,"column":5}},"73":{"start":{"line":202,"column":4},"end":{"line":220,"column":6}},"74":{"start":{"line":203,"column":8},"end":{"line":206,"column":9}},"75":{"start":{"line":204,"column":12},"end":{"line":204,"column":30}},"76":{"start":{"line":205,"column":12},"end":{"line":205,"column":70}},"77":{"start":{"line":209,"column":8},"end":{"line":217,"column":10}},"78":{"start":{"line":210,"column":12},"end":{"line":216,"column":13}},"79":{"start":{"line":211,"column":16},"end":{"line":214,"column":17}},"80":{"start":{"line":215,"column":16},"end":{"line":215,"column":44}},"81":{"start":{"line":219,"column":8},"end":{"line":219,"column":25}},"82":{"start":{"line":226,"column":0},"end":{"line":249,"column":2}},"83":{"start":{"line":227,"column":18},"end":{"line":240,"column":5}},"84":{"start":{"line":242,"column":4},"end":{"line":248,"column":6}},"85":{"start":{"line":243,"column":8},"end":{"line":246,"column":9}},"86":{"start":{"line":244,"column":12},"end":{"line":244,"column":30}},"87":{"start":{"line":245,"column":12},"end":{"line":245,"column":70}},"88":{"start":{"line":247,"column":8},"end":{"line":247,"column":25}},"89":{"start":{"line":254,"column":0},"end":{"line":284,"column":2}},"90":{"start":{"line":255,"column":18},"end":{"line":269,"column":5}},"91":{"start":{"line":271,"column":4},"end":{"line":283,"column":6}},"92":{"start":{"line":272,"column":8},"end":{"line":275,"column":9}},"93":{"start":{"line":273,"column":12},"end":{"line":273,"column":30}},"94":{"start":{"line":274,"column":12},"end":{"line":274,"column":70}},"95":{"start":{"line":278,"column":8},"end":{"line":280,"column":10}},"96":{"start":{"line":279,"column":12},"end":{"line":279,"column":91}},"97":{"start":{"line":282,"column":8},"end":{"line":282,"column":25}},"98":{"start":{"line":289,"column":0},"end":{"line":299,"column":2}},"99":{"start":{"line":290,"column":18},"end":{"line":290,"column":73}},"100":{"start":{"line":292,"column":4},"end":{"line":298,"column":6}},"101":{"start":{"line":293,"column":8},"end":{"line":296,"column":9}},"102":{"start":{"line":294,"column":12},"end":{"line":294,"column":30}},"103":{"start":{"line":295,"column":12},"end":{"line":295,"column":70}},"104":{"start":{"line":297,"column":8},"end":{"line":297,"column":59}},"105":{"start":{"line":304,"column":0},"end":{"line":338,"column":2}},"106":{"start":{"line":305,"column":20},"end":{"line":310,"column":5}},"107":{"start":{"line":312,"column":4},"end":{"line":337,"column":6}},"108":{"start":{"line":314,"column":12},"end":{"line":314,"column":98}},"109":{"start":{"line":314,"column":53},"end":{"line":314,"column":97}},"110":{"start":{"line":317,"column":12},"end":{"line":317,"column":101}},"111":{"start":{"line":317,"column":56},"end":{"line":317,"column":100}},"112":{"start":{"line":320,"column":12},"end":{"line":320,"column":102}},"113":{"start":{"line":320,"column":57},"end":{"line":320,"column":101}},"114":{"start":{"line":323,"column":12},"end":{"line":323,"column":102}},"115":{"start":{"line":323,"column":57},"end":{"line":323,"column":101}},"116":{"start":{"line":327,"column":8},"end":{"line":332,"column":10}},"117":{"start":{"line":335,"column":8},"end":{"line":335,"column":26}},"118":{"start":{"line":336,"column":8},"end":{"line":336,"column":59}},"119":{"start":{"line":341,"column":0},"end":{"line":354,"column":2}},"120":{"start":{"line":342,"column":45},"end":{"line":342,"column":81}},"121":{"start":{"line":344,"column":4},"end":{"line":353,"column":5}},"122":{"start":{"line":345,"column":8},"end":{"line":345,"column":38}},"123":{"start":{"line":346,"column":8},"end":{"line":349,"column":10}},"124":{"start":{"line":351,"column":8},"end":{"line":351,"column":47}},"125":{"start":{"line":352,"column":8},"end":{"line":352,"column":80}},"126":{"start":{"line":355,"column":0},"end":{"line":355,"column":23}}},"fnMap":{"0":{"name":"authenticateToken","decl":{"start":{"line":9,"column":9},"end":{"line":9,"column":26}},"loc":{"start":{"line":9,"column":43},"end":{"line":18,"column":1}},"line":9},"1":{"name":"(anonymous_1)","decl":{"start":{"line":13,"column":34},"end":{"line":13,"column":35}},"loc":{"start":{"line":13,"column":49},"end":{"line":17,"column":5}},"line":13},"2":{"name":"isAdmin","decl":{"start":{"line":21,"column":9},"end":{"line":21,"column":16}},"loc":{"start":{"line":21,"column":33},"end":{"line":26,"column":1}},"line":21},"3":{"name":"(anonymous_3)","decl":{"start":{"line":31,"column":54},"end":{"line":31,"column":55}},"loc":{"start":{"line":31,"column":68},"end":{"line":105,"column":1}},"line":31},"4":{"name":"(anonymous_4)","decl":{"start":{"line":38,"column":41},"end":{"line":38,"column":42}},"loc":{"start":{"line":38,"column":58},"end":{"line":104,"column":5}},"line":38},"5":{"name":"(anonymous_5)","decl":{"start":{"line":54,"column":62},"end":{"line":54,"column":63}},"loc":{"start":{"line":54,"column":90},"end":{"line":103,"column":9}},"line":54},"6":{"name":"(anonymous_6)","decl":{"start":{"line":79,"column":16},"end":{"line":79,"column":17}},"loc":{"start":{"line":79,"column":33},"end":{"line":101,"column":17}},"line":79},"7":{"name":"(anonymous_7)","decl":{"start":{"line":88,"column":58},"end":{"line":88,"column":59}},"loc":{"start":{"line":88,"column":67},"end":{"line":100,"column":21}},"line":88},"8":{"name":"(anonymous_8)","decl":{"start":{"line":110,"column":56},"end":{"line":110,"column":57}},"loc":{"start":{"line":110,"column":70},"end":{"line":164,"column":1}},"line":110},"9":{"name":"(anonymous_9)","decl":{"start":{"line":122,"column":60},"end":{"line":122,"column":61}},"loc":{"start":{"line":122,"column":79},"end":{"line":163,"column":5}},"line":122},"10":{"name":"(anonymous_10)","decl":{"start":{"line":142,"column":71},"end":{"line":142,"column":72}},"loc":{"start":{"line":142,"column":80},"end":{"line":162,"column":9}},"line":142},"11":{"name":"(anonymous_11)","decl":{"start":{"line":151,"column":59},"end":{"line":151,"column":60}},"loc":{"start":{"line":151,"column":68},"end":{"line":161,"column":13}},"line":151},"12":{"name":"(anonymous_12)","decl":{"start":{"line":169,"column":47},"end":{"line":169,"column":48}},"loc":{"start":{"line":169,"column":61},"end":{"line":221,"column":1}},"line":169},"13":{"name":"(anonymous_13)","decl":{"start":{"line":202,"column":37},"end":{"line":202,"column":38}},"loc":{"start":{"line":202,"column":55},"end":{"line":220,"column":5}},"line":202},"14":{"name":"(anonymous_14)","decl":{"start":{"line":209,"column":24},"end":{"line":209,"column":25}},"loc":{"start":{"line":209,"column":35},"end":{"line":217,"column":9}},"line":209},"15":{"name":"(anonymous_15)","decl":{"start":{"line":226,"column":48},"end":{"line":226,"column":49}},"loc":{"start":{"line":226,"column":62},"end":{"line":249,"column":1}},"line":226},"16":{"name":"(anonymous_16)","decl":{"start":{"line":242,"column":20},"end":{"line":242,"column":21}},"loc":{"start":{"line":242,"column":38},"end":{"line":248,"column":5}},"line":242},"17":{"name":"(anonymous_17)","decl":{"start":{"line":254,"column":53},"end":{"line":254,"column":54}},"loc":{"start":{"line":254,"column":67},"end":{"line":284,"column":1}},"line":254},"18":{"name":"(anonymous_18)","decl":{"start":{"line":271,"column":20},"end":{"line":271,"column":21}},"loc":{"start":{"line":271,"column":38},"end":{"line":283,"column":5}},"line":271},"19":{"name":"(anonymous_19)","decl":{"start":{"line":278,"column":24},"end":{"line":278,"column":25}},"loc":{"start":{"line":278,"column":35},"end":{"line":280,"column":9}},"line":278},"20":{"name":"(anonymous_20)","decl":{"start":{"line":289,"column":69},"end":{"line":289,"column":70}},"loc":{"start":{"line":289,"column":83},"end":{"line":299,"column":1}},"line":289},"21":{"name":"(anonymous_21)","decl":{"start":{"line":292,"column":44},"end":{"line":292,"column":45}},"loc":{"start":{"line":292,"column":53},"end":{"line":298,"column":5}},"line":292},"22":{"name":"(anonymous_22)","decl":{"start":{"line":304,"column":47},"end":{"line":304,"column":48}},"loc":{"start":{"line":304,"column":61},"end":{"line":338,"column":1}},"line":304},"23":{"name":"(anonymous_23)","decl":{"start":{"line":313,"column":20},"end":{"line":313,"column":21}},"loc":{"start":{"line":313,"column":41},"end":{"line":315,"column":9}},"line":313},"24":{"name":"(anonymous_24)","decl":{"start":{"line":314,"column":36},"end":{"line":314,"column":37}},"loc":{"start":{"line":314,"column":53},"end":{"line":314,"column":97}},"line":314},"25":{"name":"(anonymous_25)","decl":{"start":{"line":316,"column":20},"end":{"line":316,"column":21}},"loc":{"start":{"line":316,"column":41},"end":{"line":318,"column":9}},"line":316},"26":{"name":"(anonymous_26)","decl":{"start":{"line":317,"column":39},"end":{"line":317,"column":40}},"loc":{"start":{"line":317,"column":56},"end":{"line":317,"column":100}},"line":317},"27":{"name":"(anonymous_27)","decl":{"start":{"line":319,"column":20},"end":{"line":319,"column":21}},"loc":{"start":{"line":319,"column":41},"end":{"line":321,"column":9}},"line":319},"28":{"name":"(anonymous_28)","decl":{"start":{"line":320,"column":40},"end":{"line":320,"column":41}},"loc":{"start":{"line":320,"column":57},"end":{"line":320,"column":101}},"line":320},"29":{"name":"(anonymous_29)","decl":{"start":{"line":322,"column":20},"end":{"line":322,"column":21}},"loc":{"start":{"line":322,"column":41},"end":{"line":324,"column":9}},"line":322},"30":{"name":"(anonymous_30)","decl":{"start":{"line":323,"column":40},"end":{"line":323,"column":41}},"loc":{"start":{"line":323,"column":57},"end":{"line":323,"column":101}},"line":323},"31":{"name":"(anonymous_31)","decl":{"start":{"line":326,"column":10},"end":{"line":326,"column":11}},"loc":{"start":{"line":326,"column":55},"end":{"line":333,"column":5}},"line":326},"32":{"name":"(anonymous_32)","decl":{"start":{"line":334,"column":11},"end":{"line":334,"column":12}},"loc":{"start":{"line":334,"column":18},"end":{"line":337,"column":5}},"line":334},"33":{"name":"(anonymous_33)","decl":{"start":{"line":341,"column":60},"end":{"line":341,"column":61}},"loc":{"start":{"line":341,"column":80},"end":{"line":354,"column":1}},"line":341}},"branchMap":{"0":{"loc":{"start":{"line":11,"column":4},"end":{"line":11,"column":75}},"type":"if","locations":[{"start":{"line":11,"column":4},"end":{"line":11,"column":75}},{"start":{},"end":{}}],"line":11},"1":{"loc":{"start":{"line":14,"column":8},"end":{"line":14,"column":75}},"type":"if","locations":[{"start":{"line":14,"column":8},"end":{"line":14,"column":75}},{"start":{},"end":{}}],"line":14},"2":{"loc":{"start":{"line":22,"column":4},"end":{"line":24,"column":5}},"type":"if","locations":[{"start":{"line":22,"column":4},"end":{"line":24,"column":5}},{"start":{},"end":{}}],"line":22},"3":{"loc":{"start":{"line":39,"column":8},"end":{"line":42,"column":9}},"type":"if","locations":[{"start":{"line":39,"column":8},"end":{"line":42,"column":9}},{"start":{},"end":{}}],"line":39},"4":{"loc":{"start":{"line":44,"column":8},"end":{"line":46,"column":9}},"type":"if","locations":[{"start":{"line":44,"column":8},"end":{"line":46,"column":9}},{"start":{},"end":{}}],"line":44},"5":{"loc":{"start":{"line":55,"column":12},"end":{"line":58,"column":13}},"type":"if","locations":[{"start":{"line":55,"column":12},"end":{"line":58,"column":13}},{"start":{},"end":{}}],"line":55},"6":{"loc":{"start":{"line":60,"column":12},"end":{"line":62,"column":13}},"type":"if","locations":[{"start":{"line":60,"column":12},"end":{"line":62,"column":13}},{"start":{},"end":{}}],"line":60},"7":{"loc":{"start":{"line":80,"column":20},"end":{"line":83,"column":21}},"type":"if","locations":[{"start":{"line":80,"column":20},"end":{"line":83,"column":21}},{"start":{},"end":{}}],"line":80},"8":{"loc":{"start":{"line":89,"column":24},"end":{"line":92,"column":25}},"type":"if","locations":[{"start":{"line":89,"column":24},"end":{"line":92,"column":25}},{"start":{},"end":{}}],"line":89},"9":{"loc":{"start":{"line":123,"column":8},"end":{"line":126,"column":9}},"type":"if","locations":[{"start":{"line":123,"column":8},"end":{"line":126,"column":9}},{"start":{},"end":{}}],"line":123},"10":{"loc":{"start":{"line":128,"column":8},"end":{"line":130,"column":9}},"type":"if","locations":[{"start":{"line":128,"column":8},"end":{"line":130,"column":9}},{"start":{},"end":{}}],"line":128},"11":{"loc":{"start":{"line":143,"column":12},"end":{"line":146,"column":13}},"type":"if","locations":[{"start":{"line":143,"column":12},"end":{"line":146,"column":13}},{"start":{},"end":{}}],"line":143},"12":{"loc":{"start":{"line":152,"column":16},"end":{"line":155,"column":17}},"type":"if","locations":[{"start":{"line":152,"column":16},"end":{"line":155,"column":17}},{"start":{},"end":{}}],"line":152},"13":{"loc":{"start":{"line":203,"column":8},"end":{"line":206,"column":9}},"type":"if","locations":[{"start":{"line":203,"column":8},"end":{"line":206,"column":9}},{"start":{},"end":{}}],"line":203},"14":{"loc":{"start":{"line":210,"column":12},"end":{"line":216,"column":13}},"type":"if","locations":[{"start":{"line":210,"column":12},"end":{"line":216,"column":13}},{"start":{},"end":{}}],"line":210},"15":{"loc":{"start":{"line":210,"column":16},"end":{"line":210,"column":75}},"type":"binary-expr","locations":[{"start":{"line":210,"column":16},"end":{"line":210,"column":45}},{"start":{"line":210,"column":49},"end":{"line":210,"column":75}}],"line":210},"16":{"loc":{"start":{"line":243,"column":8},"end":{"line":246,"column":9}},"type":"if","locations":[{"start":{"line":243,"column":8},"end":{"line":246,"column":9}},{"start":{},"end":{}}],"line":243},"17":{"loc":{"start":{"line":272,"column":8},"end":{"line":275,"column":9}},"type":"if","locations":[{"start":{"line":272,"column":8},"end":{"line":275,"column":9}},{"start":{},"end":{}}],"line":272},"18":{"loc":{"start":{"line":293,"column":8},"end":{"line":296,"column":9}},"type":"if","locations":[{"start":{"line":293,"column":8},"end":{"line":296,"column":9}},{"start":{},"end":{}}],"line":293},"19":{"loc":{"start":{"line":314,"column":53},"end":{"line":314,"column":97}},"type":"cond-expr","locations":[{"start":{"line":314,"column":59},"end":{"line":314,"column":70}},{"start":{"line":314,"column":73},"end":{"line":314,"column":97}}],"line":314},"20":{"loc":{"start":{"line":317,"column":56},"end":{"line":317,"column":100}},"type":"cond-expr","locations":[{"start":{"line":317,"column":62},"end":{"line":317,"column":73}},{"start":{"line":317,"column":76},"end":{"line":317,"column":100}}],"line":317},"21":{"loc":{"start":{"line":320,"column":57},"end":{"line":320,"column":101}},"type":"cond-expr","locations":[{"start":{"line":320,"column":63},"end":{"line":320,"column":74}},{"start":{"line":320,"column":77},"end":{"line":320,"column":101}}],"line":320},"22":{"loc":{"start":{"line":323,"column":57},"end":{"line":323,"column":101}},"type":"cond-expr","locations":[{"start":{"line":323,"column":63},"end":{"line":323,"column":74}},{"start":{"line":323,"column":77},"end":{"line":323,"column":101}}],"line":323}},"s":{"0":1,"1":1,"2":1,"3":1,"4":1,"5":10,"6":10,"7":1,"8":9,"9":9,"10":0,"11":9,"12":9,"13":2,"14":1,"15":1,"16":1,"17":3,"18":3,"19":3,"20":3,"21":3,"22":0,"23":0,"24":3,"25":1,"26":2,"27":2,"28":2,"29":0,"30":0,"31":2,"32":1,"33":1,"34":1,"35":1,"36":1,"37":1,"38":1,"39":0,"40":0,"41":1,"42":1,"43":1,"44":0,"45":0,"46":1,"47":1,"48":2,"49":2,"50":2,"51":2,"52":2,"53":0,"54":0,"55":2,"56":1,"57":1,"58":1,"59":1,"60":1,"61":1,"62":0,"63":0,"64":1,"65":1,"66":1,"67":0,"68":0,"69":1,"70":1,"71":2,"72":2,"73":2,"74":2,"75":0,"76":0,"77":2,"78":2,"79":0,"80":0,"81":2,"82":1,"83":1,"84":1,"85":1,"86":0,"87":0,"88":1,"89":1,"90":0,"91":0,"92":0,"93":0,"94":0,"95":0,"96":0,"97":0,"98":1,"99":0,"100":0,"101":0,"102":0,"103":0,"104":0,"105":1,"106":0,"107":0,"108":0,"109":0,"110":0,"111":0,"112":0,"113":0,"114":0,"115":0,"116":0,"117":0,"118":0,"119":1,"120":0,"121":0,"122":0,"123":0,"124":0,"125":0,"126":1},"f":{"0":10,"1":9,"2":2,"3":3,"4":3,"5":2,"6":1,"7":1,"8":2,"9":2,"10":1,"11":1,"12":2,"13":2,"14":2,"15":1,"16":1,"17":0,"18":0,"19":0,"20":0,"21":0,"22":0,"23":0,"24":0,"25":0,"26":0,"27":0,"28":0,"29":0,"30":0,"31":0,"32":0,"33":0},"b":{"0":[1,9],"1":[0,9],"2":[1,1],"3":[0,3],"4":[1,2],"5":[0,2],"6":[1,1],"7":[0,1],"8":[0,1],"9":[0,2],"10":[1,1],"11":[0,1],"12":[0,1],"13":[0,2],"14":[0,2],"15":[2,1],"16":[0,1],"17":[0,0],"18":[0,0],"19":[0,0],"20":[0,0],"21":[0,0],"22":[0,0]},"_coverageSchema":"1a1c01bbd47fc00a2c39e90264f33305004495a9","hash":"0631345527e9c7ece51028a84dcd9050e010d5c4"}
,"C:\\Users\\HP\\Desktop\\BLOC3-ZAKARIA-LAHOUALI\\BC3SJ1-JAVASCRIPT\\router\\users.js": {"path":"C:\\Users\\HP\\Desktop\\BLOC3-ZAKARIA-LAHOUALI\\BC3SJ1-JAVASCRIPT\\router\\users.js","statementMap":{"0":{"start":{"line":1,"column":16},"end":{"line":1,"column":34}},"1":{"start":{"line":2,"column":15},"end":{"line":2,"column":31}},"2":{"start":{"line":3,"column":15},"end":{"line":3,"column":32}},"3":{"start":{"line":4,"column":12},"end":{"line":4,"column":35}},"4":{"start":{"line":5,"column":11},"end":{"line":5,"column":44}},"5":{"start":{"line":7,"column":19},"end":{"line":7,"column":39}},"6":{"start":{"line":10,"column":18},"end":{"line":10,"column":35}},"7":{"start":{"line":11,"column":4},"end":{"line":11,"column":42}},"8":{"start":{"line":11,"column":16},"end":{"line":11,"column":42}},"9":{"start":{"line":13,"column":4},"end":{"line":17,"column":6}},"10":{"start":{"line":14,"column":8},"end":{"line":14,"column":43}},"11":{"start":{"line":14,"column":17},"end":{"line":14,"column":43}},"12":{"start":{"line":15,"column":8},"end":{"line":15,"column":23}},"13":{"start":{"line":16,"column":8},"end":{"line":16,"column":14}},"14":{"start":{"line":21,"column":4},"end":{"line":23,"column":5}},"15":{"start":{"line":22,"column":8},"end":{"line":22,"column":54}},"16":{"start":{"line":24,"column":4},"end":{"line":24,"column":11}},"17":{"start":{"line":27,"column":0},"end":{"line":97,"column":2}},"18":{"start":{"line":29,"column":16},"end":{"line":29,"column":44}},"19":{"start":{"line":30,"column":4},"end":{"line":33,"column":6}},"20":{"start":{"line":31,"column":8},"end":{"line":31,"column":26}},"21":{"start":{"line":31,"column":17},"end":{"line":31,"column":26}},"22":{"start":{"line":32,"column":8},"end":{"line":32,"column":25}},"23":{"start":{"line":37,"column":52},"end":{"line":37,"column":60}},"24":{"start":{"line":38,"column":4},"end":{"line":38,"column":25}},"25":{"start":{"line":39,"column":27},"end":{"line":39,"column":58}},"26":{"start":{"line":40,"column":16},"end":{"line":40,"column":106}},"27":{"start":{"line":41,"column":4},"end":{"line":47,"column":6}},"28":{"start":{"line":42,"column":8},"end":{"line":46,"column":47}},"29":{"start":{"line":43,"column":12},"end":{"line":43,"column":30}},"30":{"start":{"line":44,"column":12},"end":{"line":44,"column":48}},"31":{"start":{"line":46,"column":13},"end":{"line":46,"column":47}},"32":{"start":{"line":51,"column":27},"end":{"line":51,"column":65}},"33":{"start":{"line":52,"column":4},"end":{"line":52,"column":28}},"34":{"start":{"line":56,"column":41},"end":{"line":56,"column":49}},"35":{"start":{"line":57,"column":16},"end":{"line":57,"column":95}},"36":{"start":{"line":58,"column":4},"end":{"line":61,"column":6}},"37":{"start":{"line":59,"column":8},"end":{"line":59,"column":26}},"38":{"start":{"line":59,"column":17},"end":{"line":59,"column":26}},"39":{"start":{"line":60,"column":8},"end":{"line":60,"column":42}},"40":{"start":{"line":65,"column":32},"end":{"line":65,"column":40}},"41":{"start":{"line":66,"column":16},"end":{"line":66,"column":60}},"42":{"start":{"line":67,"column":4},"end":{"line":85,"column":6}},"43":{"start":{"line":68,"column":8},"end":{"line":68,"column":26}},"44":{"start":{"line":68,"column":17},"end":{"line":68,"column":26}},"45":{"start":{"line":69,"column":8},"end":{"line":71,"column":9}},"46":{"start":{"line":70,"column":12},"end":{"line":70,"column":65}},"47":{"start":{"line":72,"column":21},"end":{"line":72,"column":31}},"48":{"start":{"line":73,"column":24},"end":{"line":73,"column":73}},"49":{"start":{"line":74,"column":8},"end":{"line":76,"column":9}},"50":{"start":{"line":75,"column":12},"end":{"line":75,"column":65}},"51":{"start":{"line":78,"column":22},"end":{"line":78,"column":116}},"52":{"start":{"line":79,"column":8},"end":{"line":83,"column":10}},"53":{"start":{"line":84,"column":8},"end":{"line":84,"column":27}},"54":{"start":{"line":89,"column":16},"end":{"line":89,"column":57}},"55":{"start":{"line":90,"column":4},"end":{"line":93,"column":6}},"56":{"start":{"line":91,"column":8},"end":{"line":91,"column":26}},"57":{"start":{"line":91,"column":17},"end":{"line":91,"column":26}},"58":{"start":{"line":92,"column":8},"end":{"line":92,"column":24}},"59":{"start":{"line":96,"column":4},"end":{"line":96,"column":38}},"60":{"start":{"line":99,"column":0},"end":{"line":99,"column":23}}},"fnMap":{"0":{"name":"authenticateToken","decl":{"start":{"line":9,"column":9},"end":{"line":9,"column":26}},"loc":{"start":{"line":9,"column":43},"end":{"line":18,"column":1}},"line":9},"1":{"name":"(anonymous_1)","decl":{"start":{"line":13,"column":34},"end":{"line":13,"column":35}},"loc":{"start":{"line":13,"column":49},"end":{"line":17,"column":5}},"line":13},"2":{"name":"isAdmin","decl":{"start":{"line":20,"column":9},"end":{"line":20,"column":16}},"loc":{"start":{"line":20,"column":33},"end":{"line":25,"column":1}},"line":20},"3":{"name":"(anonymous_3)","decl":{"start":{"line":28,"column":37},"end":{"line":28,"column":38}},"loc":{"start":{"line":28,"column":49},"end":{"line":34,"column":1}},"line":28},"4":{"name":"(anonymous_4)","decl":{"start":{"line":30,"column":18},"end":{"line":30,"column":19}},"loc":{"start":{"line":30,"column":36},"end":{"line":33,"column":5}},"line":30},"5":{"name":"(anonymous_5)","decl":{"start":{"line":36,"column":19},"end":{"line":36,"column":20}},"loc":{"start":{"line":36,"column":39},"end":{"line":48,"column":1}},"line":36},"6":{"name":"(anonymous_6)","decl":{"start":{"line":41,"column":80},"end":{"line":41,"column":81}},"loc":{"start":{"line":41,"column":97},"end":{"line":47,"column":5}},"line":41},"7":{"name":"(anonymous_7)","decl":{"start":{"line":49,"column":20},"end":{"line":49,"column":21}},"loc":{"start":{"line":49,"column":39},"end":{"line":53,"column":1}},"line":49},"8":{"name":"(anonymous_8)","decl":{"start":{"line":55,"column":32},"end":{"line":55,"column":33}},"loc":{"start":{"line":55,"column":46},"end":{"line":62,"column":1}},"line":55},"9":{"name":"(anonymous_9)","decl":{"start":{"line":58,"column":61},"end":{"line":58,"column":62}},"loc":{"start":{"line":58,"column":70},"end":{"line":61,"column":5}},"line":58},"10":{"name":"(anonymous_10)","decl":{"start":{"line":64,"column":16},"end":{"line":64,"column":17}},"loc":{"start":{"line":64,"column":30},"end":{"line":86,"column":1}},"line":64},"11":{"name":"(anonymous_11)","decl":{"start":{"line":67,"column":27},"end":{"line":67,"column":28}},"loc":{"start":{"line":67,"column":51},"end":{"line":85,"column":5}},"line":67},"12":{"name":"(anonymous_12)","decl":{"start":{"line":88,"column":32},"end":{"line":88,"column":33}},"loc":{"start":{"line":88,"column":46},"end":{"line":94,"column":1}},"line":88},"13":{"name":"(anonymous_13)","decl":{"start":{"line":90,"column":35},"end":{"line":90,"column":36}},"loc":{"start":{"line":90,"column":52},"end":{"line":93,"column":5}},"line":90},"14":{"name":"(anonymous_14)","decl":{"start":{"line":95,"column":38},"end":{"line":95,"column":39}},"loc":{"start":{"line":95,"column":52},"end":{"line":97,"column":1}},"line":95}},"branchMap":{"0":{"loc":{"start":{"line":11,"column":4},"end":{"line":11,"column":42}},"type":"if","locations":[{"start":{"line":11,"column":4},"end":{"line":11,"column":42}},{"start":{},"end":{}}],"line":11},"1":{"loc":{"start":{"line":14,"column":8},"end":{"line":14,"column":43}},"type":"if","locations":[{"start":{"line":14,"column":8},"end":{"line":14,"column":43}},{"start":{},"end":{}}],"line":14},"2":{"loc":{"start":{"line":21,"column":4},"end":{"line":23,"column":5}},"type":"if","locations":[{"start":{"line":21,"column":4},"end":{"line":23,"column":5}},{"start":{},"end":{}}],"line":21},"3":{"loc":{"start":{"line":31,"column":8},"end":{"line":31,"column":26}},"type":"if","locations":[{"start":{"line":31,"column":8},"end":{"line":31,"column":26}},{"start":{},"end":{}}],"line":31},"4":{"loc":{"start":{"line":41,"column":56},"end":{"line":41,"column":77}},"type":"binary-expr","locations":[{"start":{"line":41,"column":56},"end":{"line":41,"column":60}},{"start":{"line":41,"column":64},"end":{"line":41,"column":77}}],"line":41},"5":{"loc":{"start":{"line":42,"column":8},"end":{"line":46,"column":47}},"type":"if","locations":[{"start":{"line":42,"column":8},"end":{"line":46,"column":47}},{"start":{"line":46,"column":13},"end":{"line":46,"column":47}}],"line":42},"6":{"loc":{"start":{"line":59,"column":8},"end":{"line":59,"column":26}},"type":"if","locations":[{"start":{"line":59,"column":8},"end":{"line":59,"column":26}},{"start":{},"end":{}}],"line":59},"7":{"loc":{"start":{"line":68,"column":8},"end":{"line":68,"column":26}},"type":"if","locations":[{"start":{"line":68,"column":8},"end":{"line":68,"column":26}},{"start":{},"end":{}}],"line":68},"8":{"loc":{"start":{"line":69,"column":8},"end":{"line":71,"column":9}},"type":"if","locations":[{"start":{"line":69,"column":8},"end":{"line":71,"column":9}},{"start":{},"end":{}}],"line":69},"9":{"loc":{"start":{"line":74,"column":8},"end":{"line":76,"column":9}},"type":"if","locations":[{"start":{"line":74,"column":8},"end":{"line":76,"column":9}},{"start":{},"end":{}}],"line":74},"10":{"loc":{"start":{"line":91,"column":8},"end":{"line":91,"column":26}},"type":"if","locations":[{"start":{"line":91,"column":8},"end":{"line":91,"column":26}},{"start":{},"end":{}}],"line":91}},"s":{"0":0,"1":0,"2":0,"3":0,"4":0,"5":0,"6":0,"7":0,"8":0,"9":0,"10":0,"11":0,"12":0,"13":0,"14":0,"15":0,"16":0,"17":0,"18":0,"19":0,"20":0,"21":0,"22":0,"23":0,"24":0,"25":0,"26":0,"27":0,"28":0,"29":0,"30":0,"31":0,"32":0,"33":0,"34":0,"35":0,"36":0,"37":0,"38":0,"39":0,"40":0,"41":0,"42":0,"43":0,"44":0,"45":0,"46":0,"47":0,"48":0,"49":0,"50":0,"51":0,"52":0,"53":0,"54":0,"55":0,"56":0,"57":0,"58":0,"59":0,"60":0},"f":{"0":0,"1":0,"2":0,"3":0,"4":0,"5":0,"6":0,"7":0,"8":0,"9":0,"10":0,"11":0,"12":0,"13":0,"14":0},"b":{"0":[0,0],"1":[0,0],"2":[0,0],"3":[0,0],"4":[0,0],"5":[0,0],"6":[0,0],"7":[0,0],"8":[0,0],"9":[0,0],"10":[0,0]}}
,"C:\\Users\\HP\\Desktop\\BLOC3-ZAKARIA-LAHOUALI\\BC3SJ1-JAVASCRIPT\\services\\database.js": {"path":"C:\\Users\\HP\\Desktop\\BLOC3-ZAKARIA-LAHOUALI\\BC3SJ1-JAVASCRIPT\\services\\database.js","statementMap":{"0":{"start":{"line":1,"column":14},"end":{"line":1,"column":31}},"1":{"start":{"line":3,"column":11},"end":{"line":8,"column":2}},"2":{"start":{"line":10,"column":0},"end":{"line":15,"column":2}},"3":{"start":{"line":11,"column":4},"end":{"line":13,"column":5}},"4":{"start":{"line":12,"column":8},"end":{"line":12,"column":17}},"5":{"start":{"line":14,"column":4},"end":{"line":14,"column":39}},"6":{"start":{"line":17,"column":0},"end":{"line":17,"column":19}}},"fnMap":{"0":{"name":"(anonymous_0)","decl":{"start":{"line":10,"column":11},"end":{"line":10,"column":12}},"loc":{"start":{"line":10,"column":20},"end":{"line":15,"column":1}},"line":10}},"branchMap":{"0":{"loc":{"start":{"line":11,"column":4},"end":{"line":13,"column":5}},"type":"if","locations":[{"start":{"line":11,"column":4},"end":{"line":13,"column":5}},{"start":{},"end":{}}],"line":11}},"s":{"0":0,"1":0,"2":0,"3":0,"4":0,"5":0,"6":0},"f":{"0":0},"b":{"0":[0,0]}}
,"C:\\Users\\HP\\Desktop\\BLOC3-ZAKARIA-LAHOUALI\\BC3SJ1-JAVASCRIPT\\services\\mailer.js": {"path":"C:\\Users\\HP\\Desktop\\BLOC3-ZAKARIA-LAHOUALI\\BC3SJ1-JAVASCRIPT\\services\\mailer.js","statementMap":{"0":{"start":{"line":1,"column":19},"end":{"line":1,"column":40}},"1":{"start":{"line":4,"column":20},"end":{"line":32,"column":2}},"2":{"start":{"line":36,"column":24},"end":{"line":36,"column":121}},"3":{"start":{"line":38,"column":24},"end":{"line":94,"column":5}},"4":{"start":{"line":96,"column":4},"end":{"line":103,"column":5}},"5":{"start":{"line":97,"column":21},"end":{"line":97,"column":60}},"6":{"start":{"line":98,"column":8},"end":{"line":98,"column":54}},"7":{"start":{"line":99,"column":8},"end":{"line":99,"column":59}},"8":{"start":{"line":101,"column":8},"end":{"line":101,"column":53}},"9":{"start":{"line":102,"column":8},"end":{"line":102,"column":55}},"10":{"start":{"line":108,"column":4},"end":{"line":115,"column":5}},"11":{"start":{"line":109,"column":8},"end":{"line":109,"column":34}},"12":{"start":{"line":110,"column":8},"end":{"line":110,"column":43}},"13":{"start":{"line":111,"column":8},"end":{"line":111,"column":19}},"14":{"start":{"line":113,"column":8},"end":{"line":113,"column":57}},"15":{"start":{"line":114,"column":8},"end":{"line":114,"column":20}},"16":{"start":{"line":118,"column":0},"end":{"line":121,"column":1}}},"fnMap":{"0":{"name":"envoyerRappelRetard","decl":{"start":{"line":35,"column":15},"end":{"line":35,"column":34}},"loc":{"start":{"line":35,"column":64},"end":{"line":104,"column":1}},"line":35},"1":{"name":"testerConnexionEmail","decl":{"start":{"line":107,"column":15},"end":{"line":107,"column":35}},"loc":{"start":{"line":107,"column":38},"end":{"line":116,"column":1}},"line":107}},"branchMap":{"0":{"loc":{"start":{"line":8,"column":14},"end":{"line":8,"column":63}},"type":"binary-expr","locations":[{"start":{"line":8,"column":14},"end":{"line":8,"column":36}},{"start":{"line":8,"column":40},"end":{"line":8,"column":63}}],"line":8},"1":{"loc":{"start":{"line":9,"column":14},"end":{"line":9,"column":72}},"type":"binary-expr","locations":[{"start":{"line":9,"column":14},"end":{"line":9,"column":36}},{"start":{"line":9,"column":40},"end":{"line":9,"column":72}}],"line":9}},"s":{"0":0,"1":0,"2":0,"3":0,"4":0,"5":0,"6":0,"7":0,"8":0,"9":0,"10":0,"11":0,"12":0,"13":0,"14":0,"15":0,"16":0},"f":{"0":0,"1":0},"b":{"0":[0,0],"1":[0,0]}}
,"C:\\Users\\HP\\Desktop\\BLOC3-ZAKARIA-LAHOUALI\\BC3SJ1-JAVASCRIPT\\services\\rappelsCron.js": {"path":"C:\\Users\\HP\\Desktop\\BLOC3-ZAKARIA-LAHOUALI\\BC3SJ1-JAVASCRIPT\\services\\rappelsCron.js","statementMap":{"0":{"start":{"line":1,"column":13},"end":{"line":1,"column":33}},"1":{"start":{"line":2,"column":11},"end":{"line":2,"column":32}},"2":{"start":{"line":3,"column":32},"end":{"line":3,"column":51}},"3":{"start":{"line":7,"column":4},"end":{"line":7,"column":86}},"4":{"start":{"line":9,"column":18},"end":{"line":24,"column":5}},"5":{"start":{"line":26,"column":4},"end":{"line":70,"column":6}},"6":{"start":{"line":27,"column":8},"end":{"line":30,"column":9}},"7":{"start":{"line":28,"column":12},"end":{"line":28,"column":51}},"8":{"start":{"line":29,"column":12},"end":{"line":29,"column":18}},"9":{"start":{"line":32,"column":8},"end":{"line":35,"column":9}},"10":{"start":{"line":33,"column":12},"end":{"line":33,"column":64}},"11":{"start":{"line":34,"column":12},"end":{"line":34,"column":18}},"12":{"start":{"line":37,"column":8},"end":{"line":37,"column":72}},"13":{"start":{"line":40,"column":8},"end":{"line":69,"column":9}},"14":{"start":{"line":41,"column":32},"end":{"line":45,"column":13}},"15":{"start":{"line":47,"column":26},"end":{"line":50,"column":13}},"16":{"start":{"line":53,"column":29},"end":{"line":53,"column":83}},"17":{"start":{"line":55,"column":12},"end":{"line":68,"column":13}},"18":{"start":{"line":57,"column":16},"end":{"line":67,"column":17}},"19":{"start":{"line":61,"column":24},"end":{"line":65,"column":25}},"20":{"start":{"line":62,"column":28},"end":{"line":62,"column":93}},"21":{"start":{"line":64,"column":28},"end":{"line":64,"column":103}},"22":{"start":{"line":77,"column":4},"end":{"line":80,"column":6}},"23":{"start":{"line":78,"column":8},"end":{"line":78,"column":62}},"24":{"start":{"line":79,"column":8},"end":{"line":79,"column":34}},"25":{"start":{"line":82,"column":4},"end":{"line":82,"column":68}},"26":{"start":{"line":90,"column":4},"end":{"line":90,"column":55}},"27":{"start":{"line":91,"column":4},"end":{"line":91,"column":30}},"28":{"start":{"line":94,"column":0},"end":{"line":97,"column":1}}},"fnMap":{"0":{"name":"verifierEmpruntsEnRetard","decl":{"start":{"line":6,"column":15},"end":{"line":6,"column":39}},"loc":{"start":{"line":6,"column":42},"end":{"line":71,"column":1}},"line":6},"1":{"name":"(anonymous_1)","decl":{"start":{"line":26,"column":20},"end":{"line":26,"column":21}},"loc":{"start":{"line":26,"column":53},"end":{"line":70,"column":5}},"line":26},"2":{"name":"(anonymous_2)","decl":{"start":{"line":60,"column":20},"end":{"line":60,"column":21}},"loc":{"start":{"line":60,"column":29},"end":{"line":66,"column":21}},"line":60},"3":{"name":"demarrerTacheCron","decl":{"start":{"line":74,"column":9},"end":{"line":74,"column":26}},"loc":{"start":{"line":74,"column":29},"end":{"line":86,"column":1}},"line":74},"4":{"name":"(anonymous_4)","decl":{"start":{"line":77,"column":31},"end":{"line":77,"column":32}},"loc":{"start":{"line":77,"column":37},"end":{"line":80,"column":5}},"line":77},"5":{"name":"executerRappelsImmediatement","decl":{"start":{"line":89,"column":9},"end":{"line":89,"column":37}},"loc":{"start":{"line":89,"column":40},"end":{"line":92,"column":1}},"line":89}},"branchMap":{"0":{"loc":{"start":{"line":27,"column":8},"end":{"line":30,"column":9}},"type":"if","locations":[{"start":{"line":27,"column":8},"end":{"line":30,"column":9}},{"start":{},"end":{}}],"line":27},"1":{"loc":{"start":{"line":32,"column":8},"end":{"line":35,"column":9}},"type":"if","locations":[{"start":{"line":32,"column":8},"end":{"line":35,"column":9}},{"start":{},"end":{}}],"line":32},"2":{"loc":{"start":{"line":55,"column":12},"end":{"line":68,"column":13}},"type":"if","locations":[{"start":{"line":55,"column":12},"end":{"line":68,"column":13}},{"start":{},"end":{}}],"line":55},"3":{"loc":{"start":{"line":61,"column":24},"end":{"line":65,"column":25}},"type":"if","locations":[{"start":{"line":61,"column":24},"end":{"line":65,"column":25}},{"start":{"line":63,"column":31},"end":{"line":65,"column":25}}],"line":61}},"s":{"0":0,"1":0,"2":0,"3":0,"4":0,"5":0,"6":0,"7":0,"8":0,"9":0,"10":0,"11":0,"12":0,"13":0,"14":0,"15":0,"16":0,"17":0,"18":0,"19":0,"20":0,"21":0,"22":0,"23":0,"24":0,"25":0,"26":0,"27":0,"28":0},"f":{"0":0,"1":0,"2":0,"3":0,"4":0,"5":0},"b":{"0":[0,0],"1":[0,0],"2":[0,0],"3":[0,0]}}
}
